<?xml version="1.0" encoding="UTF-8"?>
<!-- Generated by org.testng.reporters.JUnitReportReporter -->
<testsuite skipped="0" hostname="del1-lhp-n01975" name="com.amazon.testscripts.AmazonAutomationTest" tests="1" failures="0" timestamp="11 Jul 2020 10:12:08 GMT" time="93.203" errors="0">
  <testcase name="verifyProductSearchAmazon" time="93.203" classname="com.amazon.testscripts.AmazonAutomationTest"/>
</testsuite> <!-- com.amazon.testscripts.AmazonAutomationTest -->
