<?xml version="1.0" encoding="UTF-8"?>
<!-- Generated by org.testng.reporters.JUnitReportReporter -->
<testsuite skipped="0" hostname="del1-lhp-n01975" name="com.medavante.testscripts.AmazonAutomationTest" tests="1" failures="0" timestamp="11 Jul 2020 08:13:48 GMT" time="96.113" errors="0">
  <testcase name="verifyProductSearchAmazon" time="96.113" classname="com.medavante.testscripts.AmazonAutomationTest"/>
</testsuite> <!-- com.medavante.testscripts.AmazonAutomationTest -->
