<?xml version="1.0" encoding="UTF-8"?>
<!-- Generated by org.testng.reporters.JUnitReportReporter -->
<testsuite skipped="0" hostname="del1-lhp-n01975" name="com.medavante.testscripts.NewTest" tests="1" failures="0" timestamp="10 Jul 2020 15:30:53 GMT" time="21.383" errors="0">
  <testcase name="testMObile" time="21.383" classname="com.medavante.testscripts.NewTest"/>
</testsuite> <!-- com.medavante.testscripts.NewTest -->
